\BOOKMARK [0][-]{chapter*.1}{Abstract}{}% 1
\BOOKMARK [0][-]{chapter*.2}{Acknowledgments}{}% 2
\BOOKMARK [0][-]{chapter*.3}{List of Tables}{}% 3
\BOOKMARK [0][-]{chapter*.4}{List of Figures}{}% 4
\BOOKMARK [0][-]{chapter.1}{Chapter 1: Introduction}{}% 5
\BOOKMARK [0][-]{chapter.2}{Chapter 2: Methodology}{}% 6
\BOOKMARK [1][-]{section.2.1}{Censored Data}{chapter.2}% 7
\BOOKMARK [1][-]{section.2.2}{Challenges of Reporting Censored Data}{chapter.2}% 8
\BOOKMARK [1][-]{section.2.3}{Approaches}{chapter.2}% 9
\BOOKMARK [2][-]{subsection.2.3.1}{Substitution Method}{section.2.3}% 10
\BOOKMARK [2][-]{subsection.2.3.2}{Maximum Likelihood Estimation Method}{section.2.3}% 11
\BOOKMARK [2][-]{subsection.2.3.3}{Kaplan-Meier Method}{section.2.3}% 12
\BOOKMARK [2][-]{subsection.2.3.4}{Regression on Order Statistics}{section.2.3}% 13
\BOOKMARK [0][-]{chapter.3}{Chapter 3: Simulations}{}% 14
\BOOKMARK [1][-]{section.3.1}{Aims}{chapter.3}% 15
\BOOKMARK [1][-]{section.3.2}{Data-Generating Mechanisms}{chapter.3}% 16
\BOOKMARK [1][-]{section.3.3}{Estimands}{chapter.3}% 17
\BOOKMARK [1][-]{section.3.4}{Performance Measures}{chapter.3}% 18
\BOOKMARK [2][-]{subsection.3.4.1}{Variance}{section.3.4}% 19
\BOOKMARK [2][-]{subsection.3.4.2}{Bias}{section.3.4}% 20
\BOOKMARK [2][-]{subsection.3.4.3}{Mean Squared Error \(MSE\)}{section.3.4}% 21
\BOOKMARK [1][-]{section.3.5}{Results}{chapter.3}% 22
\BOOKMARK [1][-]{section.3.6}{Discussion}{chapter.3}% 23
\BOOKMARK [2][-]{subsection.3.6.1}{Limitations}{section.3.6}% 24
\BOOKMARK [1][-]{section.3.7}{Study on Real Data}{chapter.3}% 25
\BOOKMARK [0][-]{chapter.4}{Chapter 4: Conclusion}{}% 26
\BOOKMARK [0][-]{chapter*.7}{Corrections}{}% 27
\BOOKMARK [0][-]{chapter*.8}{References}{}% 28
